  [1m[35m (223.9ms)[0m  [1m[35mCREATE DATABASE "api_starter_development" ENCODING = 'unicode'[0m
  [1m[35m (184.7ms)[0m  [1m[35mCREATE DATABASE "api_starter_test" ENCODING = 'unicode'[0m
  [1m[35m (18.9ms)[0m  [1m[35mCREATE TABLE "schema_migrations" ("version" character varying NOT NULL PRIMARY KEY)[0m
  [1m[35m (3.6ms)[0m  [1m[35mCREATE TABLE "ar_internal_metadata" ("key" character varying NOT NULL PRIMARY KEY, "value" character varying, "created_at" timestamp(6) NOT NULL, "updated_at" timestamp(6) NOT NULL)[0m
  [1m[35m (0.5ms)[0m  [1m[34mSELECT pg_try_advisory_lock(4269695950221687195)[0m
  [1m[36mActiveRecord::SchemaMigration Load (0.4ms)[0m  [1m[34mSELECT "schema_migrations"."version" FROM "schema_migrations" ORDER BY "schema_migrations"."version" ASC[0m
  [1m[36mActiveRecord::InternalMetadata Load (1.3ms)[0m  [1m[34mSELECT * FROM "ar_internal_metadata" WHERE "ar_internal_metadata"."key" = $1 ORDER BY "ar_internal_metadata"."key" ASC LIMIT 1[0m  [[nil, "environment"]]
  [1m[36mActiveRecord::InternalMetadata Create (0.9ms)[0m  [1m[32mINSERT INTO "ar_internal_metadata" ("key", "value", "created_at", "updated_at") VALUES ('environment', 'development', '2025-01-21 16:37:41.651905', '2025-01-21 16:37:41.651907') RETURNING "key"[0m
Migrating to CreateShows (20250121163439)
  [1m[36mTRANSACTION (0.0ms)[0m  [1m[35mBEGIN[0m
  [1m[35m (5.3ms)[0m  [1m[35mCREATE TABLE "shows" ("id" bigserial primary key, "artist" character varying NOT NULL, "location" character varying NOT NULL, "date" date NOT NULL, "time" time NOT NULL, "created_at" timestamp(6) NOT NULL, "updated_at" timestamp(6) NOT NULL)[0m
  [1m[36mActiveRecord::SchemaMigration Create (0.4ms)[0m  [1m[32mINSERT INTO "schema_migrations" ("version") VALUES ('20250121163439') RETURNING "version"[0m
  [1m[36mTRANSACTION (0.4ms)[0m  [1m[35mCOMMIT[0m
Migrating to CreateUsers (20250121163454)
  [1m[35m (0.3ms)[0m  [1m[34mSELECT pg_advisory_unlock(4269695950221687195)[0m
  [1m[35m (0.4ms)[0m  [1m[34mSELECT pg_try_advisory_lock(4269695950221687195)[0m
  [1m[36mActiveRecord::SchemaMigration Load (3.2ms)[0m  [1m[34mSELECT "schema_migrations"."version" FROM "schema_migrations" ORDER BY "schema_migrations"."version" ASC[0m
  [1m[36mActiveRecord::InternalMetadata Load (16.4ms)[0m  [1m[34mSELECT * FROM "ar_internal_metadata" WHERE "ar_internal_metadata"."key" = $1 ORDER BY "ar_internal_metadata"."key" ASC LIMIT 1[0m  [[nil, "environment"]]
Migrating to CreateUsers (20250121163454)
  [1m[36mTRANSACTION (0.1ms)[0m  [1m[35mBEGIN[0m
  [1m[35m (11.3ms)[0m  [1m[35mCREATE TABLE "users" ("id" bigserial primary key, "first_name" character varying NOT NULL, "last_name" character varying NOT NULL, "email" character varying NOT NULL, "created_at" timestamp(6) NOT NULL, "updated_at" timestamp(6) NOT NULL)[0m
  [1m[36mActiveRecord::SchemaMigration Create (1.8ms)[0m  [1m[32mINSERT INTO "schema_migrations" ("version") VALUES ('20250121163454') RETURNING "version"[0m
  [1m[36mTRANSACTION (0.3ms)[0m  [1m[35mCOMMIT[0m
Migrating to CreateSchedules (20250121163506)
  [1m[36mTRANSACTION (0.3ms)[0m  [1m[35mBEGIN[0m
  [1m[35m (3.5ms)[0m  [1m[35mCREATE TABLE "schedules" ("id" bigserial primary key, "title" character varying NOT NULL, "date" date NOT NULL, "created_at" timestamp(6) NOT NULL, "updated_at" timestamp(6) NOT NULL)[0m
  [1m[36mActiveRecord::SchemaMigration Create (0.1ms)[0m  [1m[32mINSERT INTO "schema_migrations" ("version") VALUES ('20250121163506') RETURNING "version"[0m
  [1m[36mTRANSACTION (0.3ms)[0m  [1m[35mCOMMIT[0m
  [1m[35m (0.3ms)[0m  [1m[34mSELECT pg_advisory_unlock(4269695950221687195)[0m
  [1m[36mActiveRecord::SchemaMigration Load (0.1ms)[0m  [1m[34mSELECT "schema_migrations"."version" FROM "schema_migrations" ORDER BY "schema_migrations"."version" ASC[0m
  [1m[35m (0.2ms)[0m  [1m[34mSELECT pg_try_advisory_lock(4269695950221687195)[0m
  [1m[36mActiveRecord::SchemaMigration Load (1.3ms)[0m  [1m[34mSELECT "schema_migrations"."version" FROM "schema_migrations" ORDER BY "schema_migrations"."version" ASC[0m
  [1m[36mActiveRecord::InternalMetadata Load (2.5ms)[0m  [1m[34mSELECT * FROM "ar_internal_metadata" WHERE "ar_internal_metadata"."key" = $1 ORDER BY "ar_internal_metadata"."key" ASC LIMIT 1[0m  [[nil, "environment"]]
Migrating to CreateScheduleShows (20250121172224)
  [1m[36mTRANSACTION (0.1ms)[0m  [1m[35mBEGIN[0m
  [1m[35m (26.4ms)[0m  [1m[35mCREATE TABLE "schedule_shows" ("id" bigserial primary key, "schedule_id" bigint NOT NULL, "show_id" bigint NOT NULL, "created_at" timestamp(6) NOT NULL, "updated_at" timestamp(6) NOT NULL, CONSTRAINT "fk_rails_9a08589b81"
FOREIGN KEY ("schedule_id")
  REFERENCES "schedules" ("id")
, CONSTRAINT "fk_rails_18bfc6eb9e"
FOREIGN KEY ("show_id")
  REFERENCES "shows" ("id")
)[0m
  [1m[35m (0.8ms)[0m  [1m[35mCREATE INDEX "index_schedule_shows_on_schedule_id" ON "schedule_shows" ("schedule_id")[0m
  [1m[35m (0.5ms)[0m  [1m[35mCREATE INDEX "index_schedule_shows_on_show_id" ON "schedule_shows" ("show_id")[0m
  [1m[36mActiveRecord::SchemaMigration Create (0.2ms)[0m  [1m[32mINSERT INTO "schema_migrations" ("version") VALUES ('20250121172224') RETURNING "version"[0m
  [1m[36mTRANSACTION (0.3ms)[0m  [1m[35mCOMMIT[0m
  [1m[35m (0.2ms)[0m  [1m[34mSELECT pg_advisory_unlock(4269695950221687195)[0m
  [1m[36mActiveRecord::SchemaMigration Load (0.1ms)[0m  [1m[34mSELECT "schema_migrations"."version" FROM "schema_migrations" ORDER BY "schema_migrations"."version" ASC[0m
  [1m[35m (0.2ms)[0m  [1m[34mSELECT pg_try_advisory_lock(4269695950221687195)[0m
  [1m[36mActiveRecord::SchemaMigration Load (11.1ms)[0m  [1m[34mSELECT "schema_migrations"."version" FROM "schema_migrations" ORDER BY "schema_migrations"."version" ASC[0m
  [1m[36mActiveRecord::InternalMetadata Load (0.5ms)[0m  [1m[34mSELECT * FROM "ar_internal_metadata" WHERE "ar_internal_metadata"."key" = $1 ORDER BY "ar_internal_metadata"."key" ASC LIMIT 1[0m  [[nil, "environment"]]
Migrating to AddUserIdToSchedules (20250121182142)
  [1m[36mTRANSACTION (0.1ms)[0m  [1m[35mBEGIN[0m
  [1m[35m (2.0ms)[0m  [1m[35mALTER TABLE "schedules" ADD "user_id" bigint NOT NULL[0m
  [1m[35m (2.6ms)[0m  [1m[35mCREATE INDEX "index_schedules_on_user_id" ON "schedules" ("user_id")[0m
  [1m[35m (2.2ms)[0m  [1m[35mALTER TABLE "schedules" ADD CONSTRAINT "fk_rails_3c900465fa"
FOREIGN KEY ("user_id")
  REFERENCES "users" ("id")
[0m
  [1m[36mActiveRecord::SchemaMigration Create (0.2ms)[0m  [1m[32mINSERT INTO "schema_migrations" ("version") VALUES ('20250121182142') RETURNING "version"[0m
  [1m[36mTRANSACTION (0.4ms)[0m  [1m[35mCOMMIT[0m
  [1m[35m (0.2ms)[0m  [1m[34mSELECT pg_advisory_unlock(4269695950221687195)[0m
  [1m[36mActiveRecord::SchemaMigration Load (0.1ms)[0m  [1m[34mSELECT "schema_migrations"."version" FROM "schema_migrations" ORDER BY "schema_migrations"."version" ASC[0m
  [1m[36mActiveRecord::SchemaMigration Load (3.3ms)[0m  [1m[34mSELECT "schema_migrations"."version" FROM "schema_migrations" ORDER BY "schema_migrations"."version" ASC[0m
  [1m[36mTRANSACTION (0.1ms)[0m  [1m[35mBEGIN[0m
  [1m[36mShow Create (4.7ms)[0m  [1m[32mINSERT INTO "shows" ("artist", "location", "date", "time", "created_at", "updated_at") VALUES ($1, $2, $3, $4, $5, $6) RETURNING "id"[0m  [["artist", "The Rolling Stones"], ["location", "Main Stage"], ["date", "2025-05-01"], ["time", "15:00:00"], ["created_at", "2025-01-21 18:44:05.418268"], ["updated_at", "2025-01-21 18:44:05.418268"]]
  [1m[36mTRANSACTION (0.4ms)[0m  [1m[35mCOMMIT[0m
  [1m[36mTRANSACTION (0.0ms)[0m  [1m[35mBEGIN[0m
  [1m[36mShow Create (0.8ms)[0m  [1m[32mINSERT INTO "shows" ("artist", "location", "date", "time", "created_at", "updated_at") VALUES ($1, $2, $3, $4, $5, $6) RETURNING "id"[0m  [["artist", "Beyoncé"], ["location", "Main Stage"], ["date", "2025-05-01"], ["time", "17:00:00"], ["created_at", "2025-01-21 18:44:05.425326"], ["updated_at", "2025-01-21 18:44:05.425326"]]
  [1m[36mTRANSACTION (0.1ms)[0m  [1m[35mCOMMIT[0m
  [1m[36mTRANSACTION (0.0ms)[0m  [1m[35mBEGIN[0m
  [1m[36mShow Create (0.5ms)[0m  [1m[32mINSERT INTO "shows" ("artist", "location", "date", "time", "created_at", "updated_at") VALUES ($1, $2, $3, $4, $5, $6) RETURNING "id"[0m  [["artist", "Taylor Swift"], ["location", "Side Stage"], ["date", "2025-05-01"], ["time", "14:00:00"], ["created_at", "2025-01-21 18:44:05.426943"], ["updated_at", "2025-01-21 18:44:05.426943"]]
  [1m[36mTRANSACTION (0.2ms)[0m  [1m[35mCOMMIT[0m
  [1m[36mTRANSACTION (0.0ms)[0m  [1m[35mBEGIN[0m
  [1m[36mShow Create (0.4ms)[0m  [1m[32mINSERT INTO "shows" ("artist", "location", "date", "time", "created_at", "updated_at") VALUES ($1, $2, $3, $4, $5, $6) RETURNING "id"[0m  [["artist", "Billie Eilish"], ["location", "Side Stage"], ["date", "2025-05-01"], ["time", "16:00:00"], ["created_at", "2025-01-21 18:44:05.428213"], ["updated_at", "2025-01-21 18:44:05.428213"]]
  [1m[36mTRANSACTION (0.1ms)[0m  [1m[35mCOMMIT[0m
  [1m[36mTRANSACTION (0.0ms)[0m  [1m[35mBEGIN[0m
  [1m[36mShow Create (0.5ms)[0m  [1m[32mINSERT INTO "shows" ("artist", "location", "date", "time", "created_at", "updated_at") VALUES ($1, $2, $3, $4, $5, $6) RETURNING "id"[0m  [["artist", "Ed Sheeran"], ["location", "Main Stage"], ["date", "2025-05-02"], ["time", "19:00:00"], ["created_at", "2025-01-21 18:44:05.429434"], ["updated_at", "2025-01-21 18:44:05.429434"]]
  [1m[36mTRANSACTION (0.1ms)[0m  [1m[35mCOMMIT[0m
  [1m[36mTRANSACTION (0.0ms)[0m  [1m[35mBEGIN[0m
  [1m[36mShow Create (0.7ms)[0m  [1m[32mINSERT INTO "shows" ("artist", "location", "date", "time", "created_at", "updated_at") VALUES ($1, $2, $3, $4, $5, $6) RETURNING "id"[0m  [["artist", "Ariana Grande"], ["location", "Side Stage"], ["date", "2025-05-02"], ["time", "20:00:00"], ["created_at", "2025-01-21 18:44:05.430702"], ["updated_at", "2025-01-21 18:44:05.430702"]]
  [1m[36mTRANSACTION (0.1ms)[0m  [1m[35mCOMMIT[0m
  [1m[36mTRANSACTION (0.0ms)[0m  [1m[35mBEGIN[0m
  [1m[36mShow Create (0.4ms)[0m  [1m[32mINSERT INTO "shows" ("artist", "location", "date", "time", "created_at", "updated_at") VALUES ($1, $2, $3, $4, $5, $6) RETURNING "id"[0m  [["artist", "The Weeknd"], ["location", "Main Stage"], ["date", "2025-05-02"], ["time", "22:00:00"], ["created_at", "2025-01-21 18:44:05.432186"], ["updated_at", "2025-01-21 18:44:05.432186"]]
  [1m[36mTRANSACTION (0.1ms)[0m  [1m[35mCOMMIT[0m
  [1m[36mTRANSACTION (0.0ms)[0m  [1m[35mBEGIN[0m
  [1m[36mShow Create (0.5ms)[0m  [1m[32mINSERT INTO "shows" ("artist", "location", "date", "time", "created_at", "updated_at") VALUES ($1, $2, $3, $4, $5, $6) RETURNING "id"[0m  [["artist", "Post Malone"], ["location", "Side Stage"], ["date", "2025-05-02"], ["time", "18:00:00"], ["created_at", "2025-01-21 18:44:05.433389"], ["updated_at", "2025-01-21 18:44:05.433389"]]
  [1m[36mTRANSACTION (0.1ms)[0m  [1m[35mCOMMIT[0m
  [1m[36mTRANSACTION (0.0ms)[0m  [1m[35mBEGIN[0m
  [1m[36mUser Create (1.2ms)[0m  [1m[32mINSERT INTO "users" ("first_name", "last_name", "email", "created_at", "updated_at") VALUES ($1, $2, $3, $4, $5) RETURNING "id"[0m  [["first_name", "John"], ["last_name", "Doe"], ["email", "john.doe@example.com"], ["created_at", "2025-01-21 18:44:05.440594"], ["updated_at", "2025-01-21 18:44:05.440594"]]
  [1m[36mTRANSACTION (0.2ms)[0m  [1m[35mCOMMIT[0m
  [1m[36mTRANSACTION (0.0ms)[0m  [1m[35mBEGIN[0m
  [1m[36mUser Create (0.5ms)[0m  [1m[32mINSERT INTO "users" ("first_name", "last_name", "email", "created_at", "updated_at") VALUES ($1, $2, $3, $4, $5) RETURNING "id"[0m  [["first_name", "Jane"], ["last_name", "Smith"], ["email", "jane.smith@example.com"], ["created_at", "2025-01-21 18:44:05.442575"], ["updated_at", "2025-01-21 18:44:05.442575"]]
  [1m[36mTRANSACTION (0.2ms)[0m  [1m[35mCOMMIT[0m
  [1m[36mTRANSACTION (0.1ms)[0m  [1m[35mBEGIN[0m
  [1m[36mUser Create (0.5ms)[0m  [1m[32mINSERT INTO "users" ("first_name", "last_name", "email", "created_at", "updated_at") VALUES ($1, $2, $3, $4, $5) RETURNING "id"[0m  [["first_name", "Alice"], ["last_name", "Johnson"], ["email", "alice.johnson@example.com"], ["created_at", "2025-01-21 18:44:05.448527"], ["updated_at", "2025-01-21 18:44:05.448527"]]
  [1m[36mTRANSACTION (0.2ms)[0m  [1m[35mCOMMIT[0m
  [1m[36mTRANSACTION (0.0ms)[0m  [1m[35mBEGIN[0m
  [1m[36mUser Create (1.0ms)[0m  [1m[32mINSERT INTO "users" ("first_name", "last_name", "email", "created_at", "updated_at") VALUES ($1, $2, $3, $4, $5) RETURNING "id"[0m  [["first_name", "Bob"], ["last_name", "Brown"], ["email", "bob.brown@example.com"], ["created_at", "2025-01-21 18:44:05.449857"], ["updated_at", "2025-01-21 18:44:05.449857"]]
  [1m[36mTRANSACTION (0.1ms)[0m  [1m[35mCOMMIT[0m
  [1m[36mTRANSACTION (0.0ms)[0m  [1m[35mBEGIN[0m
  [1m[36mUser Create (0.5ms)[0m  [1m[32mINSERT INTO "users" ("first_name", "last_name", "email", "created_at", "updated_at") VALUES ($1, $2, $3, $4, $5) RETURNING "id"[0m  [["first_name", "Charlie"], ["last_name", "Davis"], ["email", "charlie.davis@example.com"], ["created_at", "2025-01-21 18:44:05.451615"], ["updated_at", "2025-01-21 18:44:05.451615"]]
  [1m[36mTRANSACTION (0.1ms)[0m  [1m[35mCOMMIT[0m
  [1m[36mTRANSACTION (0.0ms)[0m  [1m[35mBEGIN[0m
  [1m[36mUser Create (0.4ms)[0m  [1m[32mINSERT INTO "users" ("first_name", "last_name", "email", "created_at", "updated_at") VALUES ($1, $2, $3, $4, $5) RETURNING "id"[0m  [["first_name", "Dave"], ["last_name", "Martinez"], ["email", "dave.martinez@example.com"], ["created_at", "2025-01-21 18:44:05.453216"], ["updated_at", "2025-01-21 18:44:05.453216"]]
  [1m[36mTRANSACTION (0.1ms)[0m  [1m[35mCOMMIT[0m
  [1m[36mTRANSACTION (0.0ms)[0m  [1m[35mBEGIN[0m
  [1m[36mUser Create (0.8ms)[0m  [1m[32mINSERT INTO "users" ("first_name", "last_name", "email", "created_at", "updated_at") VALUES ($1, $2, $3, $4, $5) RETURNING "id"[0m  [["first_name", "Emma"], ["last_name", "Wilson"], ["email", "emma.wilson@example.com"], ["created_at", "2025-01-21 18:44:05.454413"], ["updated_at", "2025-01-21 18:44:05.454413"]]
  [1m[36mTRANSACTION (0.1ms)[0m  [1m[35mCOMMIT[0m
  [1m[36mShow Load (1.2ms)[0m  [1m[34mSELECT "shows".* FROM "shows" WHERE "shows"."id" IN ($1, $2, $3)[0m  [["id", 1], ["id", 2], ["id", 3]]
  [1m[36mShow Load (0.6ms)[0m  [1m[34mSELECT "shows".* FROM "shows" WHERE "shows"."id" IN ($1, $2, $3)[0m  [["id", 4], ["id", 5], ["id", 6]]
  [1m[36mShow Load (0.4ms)[0m  [1m[34mSELECT "shows".* FROM "shows" WHERE "shows"."id" IN ($1, $2, $3)[0m  [["id", 1], ["id", 5], ["id", 7]]
  [1m[36mShow Load (0.3ms)[0m  [1m[34mSELECT "shows".* FROM "shows" WHERE "shows"."id" IN ($1, $2, $3, $4)[0m  [["id", 2], ["id", 4], ["id", 6], ["id", 8]]
  [1m[36mUser Load (0.3ms)[0m  [1m[34mSELECT "users".* FROM "users"[0m
  [1m[36mSchedule Load (0.7ms)[0m  [1m[34mSELECT "schedules".* FROM "schedules"[0m
  [1m[36mActiveRecord::SchemaMigration Load (0.8ms)[0m  [1m[34mSELECT "schema_migrations"."version" FROM "schema_migrations" ORDER BY "schema_migrations"."version" ASC[0m
  [1m[36mTRANSACTION (0.1ms)[0m  [1m[35mBEGIN[0m
  [1m[36mUser Create (1.0ms)[0m  [1m[32mINSERT INTO "users" ("first_name", "last_name", "email", "created_at", "updated_at") VALUES ($1, $2, $3, $4, $5) RETURNING "id"[0m  [["first_name", "Alice"], ["last_name", "Johnson"], ["email", "alice@example.com"], ["created_at", "2025-01-21 18:46:00.494249"], ["updated_at", "2025-01-21 18:46:00.494249"]]
  [1m[36mTRANSACTION (1.0ms)[0m  [1m[35mCOMMIT[0m
  [1m[36mTRANSACTION (0.0ms)[0m  [1m[35mBEGIN[0m
  [1m[36mUser Create (0.7ms)[0m  [1m[32mINSERT INTO "users" ("first_name", "last_name", "email", "created_at", "updated_at") VALUES ($1, $2, $3, $4, $5) RETURNING "id"[0m  [["first_name", "Bob"], ["last_name", "Smith"], ["email", "bob@example.com"], ["created_at", "2025-01-21 18:46:00.497237"], ["updated_at", "2025-01-21 18:46:00.497237"]]
  [1m[36mTRANSACTION (0.1ms)[0m  [1m[35mCOMMIT[0m
  [1m[36mTRANSACTION (0.0ms)[0m  [1m[35mBEGIN[0m
  [1m[36mUser Create (0.5ms)[0m  [1m[32mINSERT INTO "users" ("first_name", "last_name", "email", "created_at", "updated_at") VALUES ($1, $2, $3, $4, $5) RETURNING "id"[0m  [["first_name", "Charlie"], ["last_name", "Brown"], ["email", "charlie@example.com"], ["created_at", "2025-01-21 18:46:00.498605"], ["updated_at", "2025-01-21 18:46:00.498605"]]
  [1m[36mTRANSACTION (0.1ms)[0m  [1m[35mCOMMIT[0m
  [1m[36mTRANSACTION (0.1ms)[0m  [1m[35mBEGIN[0m
  [1m[36mShow Create (1.0ms)[0m  [1m[32mINSERT INTO "shows" ("artist", "location", "date", "time", "created_at", "updated_at") VALUES ($1, $2, $3, $4, $5, $6) RETURNING "id"[0m  [["artist", "The Rolling Stones"], ["location", "Main Stage"], ["date", "2025-07-10"], ["time", "18:00:00"], ["created_at", "2025-01-21 18:46:00.505301"], ["updated_at", "2025-01-21 18:46:00.505301"]]
  [1m[36mTRANSACTION (0.2ms)[0m  [1m[35mCOMMIT[0m
  [1m[36mTRANSACTION (0.0ms)[0m  [1m[35mBEGIN[0m
  [1m[36mShow Create (0.5ms)[0m  [1m[32mINSERT INTO "shows" ("artist", "location", "date", "time", "created_at", "updated_at") VALUES ($1, $2, $3, $4, $5, $6) RETURNING "id"[0m  [["artist", "Lady Gaga"], ["location", "Main Stage"], ["date", "2025-07-10"], ["time", "20:00:00"], ["created_at", "2025-01-21 18:46:00.507947"], ["updated_at", "2025-01-21 18:46:00.507947"]]
  [1m[36mTRANSACTION (0.1ms)[0m  [1m[35mCOMMIT[0m
  [1m[36mTRANSACTION (0.0ms)[0m  [1m[35mBEGIN[0m
  [1m[36mShow Create (0.4ms)[0m  [1m[32mINSERT INTO "shows" ("artist", "location", "date", "time", "created_at", "updated_at") VALUES ($1, $2, $3, $4, $5, $6) RETURNING "id"[0m  [["artist", "Tame Impala"], ["location", "Side Stage"], ["date", "2025-07-11"], ["time", "17:00:00"], ["created_at", "2025-01-21 18:46:00.509167"], ["updated_at", "2025-01-21 18:46:00.509167"]]
  [1m[36mTRANSACTION (0.1ms)[0m  [1m[35mCOMMIT[0m
  [1m[36mTRANSACTION (0.0ms)[0m  [1m[35mBEGIN[0m
  [1m[36mShow Create (0.4ms)[0m  [1m[32mINSERT INTO "shows" ("artist", "location", "date", "time", "created_at", "updated_at") VALUES ($1, $2, $3, $4, $5, $6) RETURNING "id"[0m  [["artist", "Kendrick Lamar"], ["location", "Main Stage"], ["date", "2025-07-11"], ["time", "19:00:00"], ["created_at", "2025-01-21 18:46:00.510310"], ["updated_at", "2025-01-21 18:46:00.510310"]]
  [1m[36mTRANSACTION (0.1ms)[0m  [1m[35mCOMMIT[0m
  [1m[36mTRANSACTION (0.0ms)[0m  [1m[35mBEGIN[0m
  [1m[36mShow Create (0.4ms)[0m  [1m[32mINSERT INTO "shows" ("artist", "location", "date", "time", "created_at", "updated_at") VALUES ($1, $2, $3, $4, $5, $6) RETURNING "id"[0m  [["artist", "Billie Eilish"], ["location", "Side Stage"], ["date", "2025-07-12"], ["time", "16:00:00"], ["created_at", "2025-01-21 18:46:00.511361"], ["updated_at", "2025-01-21 18:46:00.511361"]]
  [1m[36mTRANSACTION (0.1ms)[0m  [1m[35mCOMMIT[0m
  [1m[36mTRANSACTION (0.0ms)[0m  [1m[35mBEGIN[0m
  [1m[36mShow Create (0.5ms)[0m  [1m[32mINSERT INTO "shows" ("artist", "location", "date", "time", "created_at", "updated_at") VALUES ($1, $2, $3, $4, $5, $6) RETURNING "id"[0m  [["artist", "Post Malone"], ["location", "Main Stage"], ["date", "2025-07-12"], ["time", "18:00:00"], ["created_at", "2025-01-21 18:46:00.512521"], ["updated_at", "2025-01-21 18:46:00.512521"]]
  [1m[36mTRANSACTION (0.1ms)[0m  [1m[35mCOMMIT[0m
  [1m[36mTRANSACTION (0.1ms)[0m  [1m[35mBEGIN[0m
  [1m[36mSchedule Create (3.2ms)[0m  [1m[32mINSERT INTO "schedules" ("title", "date", "created_at", "updated_at", "user_id") VALUES ($1, $2, $3, $4, $5) RETURNING "id"[0m  [["title", "Weekend 1 Itinerary"], ["date", "2025-07-10"], ["created_at", "2025-01-21 18:46:00.520145"], ["updated_at", "2025-01-21 18:46:00.520145"], ["user_id", 8]]
  [1m[36mTRANSACTION (0.2ms)[0m  [1m[35mCOMMIT[0m
  [1m[36mTRANSACTION (0.0ms)[0m  [1m[35mBEGIN[0m
  [1m[36mSchedule Create (0.6ms)[0m  [1m[32mINSERT INTO "schedules" ("title", "date", "created_at", "updated_at", "user_id") VALUES ($1, $2, $3, $4, $5) RETURNING "id"[0m  [["title", "Weekend 2 Itinerary"], ["date", "2025-07-11"], ["created_at", "2025-01-21 18:46:00.528066"], ["updated_at", "2025-01-21 18:46:00.528066"], ["user_id", 9]]
  [1m[36mTRANSACTION (0.1ms)[0m  [1m[35mCOMMIT[0m
  [1m[36mTRANSACTION (0.0ms)[0m  [1m[35mBEGIN[0m
  [1m[36mSchedule Create (1.0ms)[0m  [1m[32mINSERT INTO "schedules" ("title", "date", "created_at", "updated_at", "user_id") VALUES ($1, $2, $3, $4, $5) RETURNING "id"[0m  [["title", "Family Friendly"], ["date", "2025-07-12"], ["created_at", "2025-01-21 18:46:00.529404"], ["updated_at", "2025-01-21 18:46:00.529404"], ["user_id", 10]]
  [1m[36mTRANSACTION (0.2ms)[0m  [1m[35mCOMMIT[0m
  [1m[36mTRANSACTION (0.1ms)[0m  [1m[35mBEGIN[0m
  [1m[36mScheduleShow Create (3.2ms)[0m  [1m[32mINSERT INTO "schedule_shows" ("schedule_id", "show_id", "created_at", "updated_at") VALUES ($1, $2, $3, $4) RETURNING "id"[0m  [["schedule_id", 1], ["show_id", 9], ["created_at", "2025-01-21 18:46:00.540398"], ["updated_at", "2025-01-21 18:46:00.540398"]]
  [1m[36mScheduleShow Create (0.3ms)[0m  [1m[32mINSERT INTO "schedule_shows" ("schedule_id", "show_id", "created_at", "updated_at") VALUES ($1, $2, $3, $4) RETURNING "id"[0m  [["schedule_id", 1], ["show_id", 10], ["created_at", "2025-01-21 18:46:00.544259"], ["updated_at", "2025-01-21 18:46:00.544259"]]
  [1m[36mScheduleShow Create (0.3ms)[0m  [1m[32mINSERT INTO "schedule_shows" ("schedule_id", "show_id", "created_at", "updated_at") VALUES ($1, $2, $3, $4) RETURNING "id"[0m  [["schedule_id", 1], ["show_id", 11], ["created_at", "2025-01-21 18:46:00.545274"], ["updated_at", "2025-01-21 18:46:00.545274"]]
  [1m[36mTRANSACTION (0.1ms)[0m  [1m[35mCOMMIT[0m
  [1m[36mTRANSACTION (0.0ms)[0m  [1m[35mBEGIN[0m
  [1m[36mScheduleShow Create (0.9ms)[0m  [1m[32mINSERT INTO "schedule_shows" ("schedule_id", "show_id", "created_at", "updated_at") VALUES ($1, $2, $3, $4) RETURNING "id"[0m  [["schedule_id", 2], ["show_id", 12], ["created_at", "2025-01-21 18:46:00.546504"], ["updated_at", "2025-01-21 18:46:00.546504"]]
  [1m[36mScheduleShow Create (0.2ms)[0m  [1m[32mINSERT INTO "schedule_shows" ("schedule_id", "show_id", "created_at", "updated_at") VALUES ($1, $2, $3, $4) RETURNING "id"[0m  [["schedule_id", 2], ["show_id", 13], ["created_at", "2025-01-21 18:46:00.547891"], ["updated_at", "2025-01-21 18:46:00.547891"]]
  [1m[36mTRANSACTION (0.1ms)[0m  [1m[35mCOMMIT[0m
  [1m[36mTRANSACTION (0.0ms)[0m  [1m[35mBEGIN[0m
  [1m[36mScheduleShow Create (0.5ms)[0m  [1m[32mINSERT INTO "schedule_shows" ("schedule_id", "show_id", "created_at", "updated_at") VALUES ($1, $2, $3, $4) RETURNING "id"[0m  [["schedule_id", 3], ["show_id", 10], ["created_at", "2025-01-21 18:46:00.549237"], ["updated_at", "2025-01-21 18:46:00.549237"]]
  [1m[36mScheduleShow Create (0.1ms)[0m  [1m[32mINSERT INTO "schedule_shows" ("schedule_id", "show_id", "created_at", "updated_at") VALUES ($1, $2, $3, $4) RETURNING "id"[0m  [["schedule_id", 3], ["show_id", 13], ["created_at", "2025-01-21 18:46:00.550295"], ["updated_at", "2025-01-21 18:46:00.550295"]]
  [1m[36mScheduleShow Create (0.1ms)[0m  [1m[32mINSERT INTO "schedule_shows" ("schedule_id", "show_id", "created_at", "updated_at") VALUES ($1, $2, $3, $4) RETURNING "id"[0m  [["schedule_id", 3], ["show_id", 14], ["created_at", "2025-01-21 18:46:00.551057"], ["updated_at", "2025-01-21 18:46:00.551057"]]
  [1m[36mTRANSACTION (0.1ms)[0m  [1m[35mCOMMIT[0m
Started GET "/api/v1/schedules" for ::1 at 2025-01-21 11:57:29 -0700
  [1m[36mActiveRecord::SchemaMigration Load (2.0ms)[0m  [1m[34mSELECT "schema_migrations"."version" FROM "schema_migrations" ORDER BY "schema_migrations"."version" ASC[0m
Error occurred while parsing request parameters.
Contents:

plant_params = {
                name: "Carrot",
                img_url: "https://upload.wikimedia.org/wikipedia/commons/4/4b/Carrot.jpg",
                description: "A root vegetable that grows well in loamy soil."
            }
Processing by Api::V1::SchedulesController#index as */*
  [1m[36mSchedule Load (1.6ms)[0m  [1m[34mSELECT "schedules".* FROM "schedules"[0m
  ↳ app/controllers/api/v1/schedules_controller.rb:4:in `index'
Completed 200 OK in 41ms (Views: 12.3ms | ActiveRecord: 21.2ms | Allocations: 13365)


Started GET "/api/v1/schedules" for ::1 at 2025-01-21 12:22:37 -0700
  [1m[36mActiveRecord::SchemaMigration Load (1.4ms)[0m  [1m[34mSELECT "schema_migrations"."version" FROM "schema_migrations" ORDER BY "schema_migrations"."version" ASC[0m
Error occurred while parsing request parameters.
Contents:

plant_params = {
                name: "Carrot",
                img_url: "https://upload.wikimedia.org/wikipedia/commons/4/4b/Carrot.jpg",
                description: "A root vegetable that grows well in loamy soil."
            }
Processing by Api::V1::SchedulesController#index as */*
  [1m[36mSchedule Load (0.8ms)[0m  [1m[34mSELECT "schedules".* FROM "schedules"[0m
  ↳ app/controllers/api/v1/schedules_controller.rb:4:in `index'
Completed 200 OK in 26ms (Views: 6.9ms | ActiveRecord: 14.6ms | Allocations: 12179)


Started GET "/api/v1/schedules" for ::1 at 2025-01-21 12:22:38 -0700
Error occurred while parsing request parameters.
Contents:

plant_params = {
                name: "Carrot",
                img_url: "https://upload.wikimedia.org/wikipedia/commons/4/4b/Carrot.jpg",
                description: "A root vegetable that grows well in loamy soil."
            }
Processing by Api::V1::SchedulesController#index as */*
  [1m[36mSchedule Load (0.5ms)[0m  [1m[34mSELECT "schedules".* FROM "schedules"[0m
  ↳ app/controllers/api/v1/schedules_controller.rb:4:in `index'
Completed 200 OK in 2ms (Views: 1.5ms | ActiveRecord: 0.4ms | Allocations: 807)


Started GET "/api/v1/schedules" for ::1 at 2025-01-21 12:22:41 -0700
Error occurred while parsing request parameters.
Contents:

plant_params = {
                name: "Carrot",
                img_url: "https://upload.wikimedia.org/wikipedia/commons/4/4b/Carrot.jpg",
                description: "A root vegetable that grows well in loamy soil."
            }
Processing by Api::V1::SchedulesController#index as */*
  [1m[36mSchedule Load (40.1ms)[0m  [1m[34mSELECT "schedules".* FROM "schedules"[0m
  ↳ app/controllers/api/v1/schedules_controller.rb:4:in `index'
Completed 200 OK in 43ms (Views: 2.3ms | ActiveRecord: 40.0ms | Allocations: 802)


Started GET "/api/v1/schedules" for ::1 at 2025-01-21 12:22:42 -0700
Error occurred while parsing request parameters.
Contents:

plant_params = {
                name: "Carrot",
                img_url: "https://upload.wikimedia.org/wikipedia/commons/4/4b/Carrot.jpg",
                description: "A root vegetable that grows well in loamy soil."
            }
Processing by Api::V1::SchedulesController#index as */*
  [1m[36mSchedule Load (0.6ms)[0m  [1m[34mSELECT "schedules".* FROM "schedules"[0m
  ↳ app/controllers/api/v1/schedules_controller.rb:4:in `index'
Completed 200 OK in 2ms (Views: 1.6ms | ActiveRecord: 0.6ms | Allocations: 802)


Started GET "/api/v1/schedules" for ::1 at 2025-01-21 12:22:43 -0700
Error occurred while parsing request parameters.
Contents:

plant_params = {
                name: "Carrot",
                img_url: "https://upload.wikimedia.org/wikipedia/commons/4/4b/Carrot.jpg",
                description: "A root vegetable that grows well in loamy soil."
            }
Processing by Api::V1::SchedulesController#index as */*
  [1m[36mSchedule Load (0.4ms)[0m  [1m[34mSELECT "schedules".* FROM "schedules"[0m
  ↳ app/controllers/api/v1/schedules_controller.rb:4:in `index'
Completed 200 OK in 3ms (Views: 2.1ms | ActiveRecord: 0.4ms | Allocations: 802)


